Base path: 'C:/Program Files/Unity/Hub/Editor/2019.4.10f1/Editor/Data', plugins path 'C:/Program Files/Unity/Hub/Editor/2019.4.10f1/Editor/Data/PlaybackEngines'
Cmd: initializeCompiler
Cmd: preprocessCompute
  insize=7064 outsize=7066 ok=1
Cmd: preprocessCompute
  insize=7375 outsize=7377 ok=1
Cmd: preprocess
  insize=22695 outsize=459 ok=1
Cmd: preprocessCompute
  insize=6440 outsize=6442 ok=1
Cmd: preprocessCompute
  insize=5787 outsize=5789 ok=1
Cmd: preprocess
  insize=21576 outsize=459 ok=1
Cmd: preprocessCompute
  insize=7076 outsize=7078 ok=1
Cmd: preprocessCompute
  insize=7347 outsize=7349 ok=1
Cmd: preprocess
  insize=22695 outsize=459 ok=1
Cmd: preprocessCompute
  insize=6438 outsize=6440 ok=1
Cmd: preprocessCompute
  insize=5787 outsize=5789 ok=1
Cmd: preprocess
  insize=21576 outsize=459 ok=1
Cmd: preprocessCompute
  insize=7064 outsize=7066 ok=1
Cmd: preprocessCompute
  insize=7375 outsize=7377 ok=1
Cmd: preprocess
  insize=22695 outsize=459 ok=1
Cmd: preprocessCompute
  insize=6440 outsize=6442 ok=1
Cmd: preprocessCompute
  insize=5787 outsize=5789 ok=1
Cmd: preprocess
  insize=21576 outsize=459 ok=1
Cmd: preprocessCompute
  insize=7064 outsize=7066 ok=1
Cmd: preprocessCompute
  insize=7375 outsize=7377 ok=1
Cmd: preprocess
  insize=22695 outsize=459 ok=1
Cmd: preprocessCompute
  insize=6440 outsize=6442 ok=1
Cmd: preprocessCompute
  insize=5787 outsize=5789 ok=1
Cmd: preprocess
  insize=21576 outsize=459 ok=1
